This is pdfTeX, Version 3.1415926-2.4-1.40.13 (TeX Live 2012) (format=pdflatex 2013.4.16)  30 MAY 2015 11:34
entering extended mode
 restricted \write18 enabled.
 %&-line parsing enabled.
**report.tex
(./report.tex
LaTeX2e <2011/06/27>
Babel <v3.8m> and hyphenation patterns for english, dumylang, nohyphenation, ge
rman-x-2012-05-30, ngerman-x-2012-05-30, afrikaans, ancientgreek, ibycus, arabi
c, armenian, basque, bulgarian, catalan, pinyin, coptic, croatian, czech, danis
h, dutch, ukenglish, usenglishmax, esperanto, estonian, ethiopic, farsi, finnis
h, french, friulan, galician, german, ngerman, swissgerman, monogreek, greek, h
ungarian, icelandic, assamese, bengali, gujarati, hindi, kannada, malayalam, ma
rathi, oriya, panjabi, tamil, telugu, indonesian, interlingua, irish, italian, 
kurmanji, latin, latvian, lithuanian, mongolian, mongolianlmc, bokmal, nynorsk,
 polish, portuguese, romanian, romansh, russian, sanskrit, serbian, serbianc, s
lovak, slovenian, spanish, swedish, turkish, turkmen, ukrainian, uppersorbian, 
welsh, loaded.
(/usr/local/texlive/2012/texmf-dist/tex/latex/base/article.cls
Document Class: article 2007/10/19 v1.4h Standard LaTeX document class
(/usr/local/texlive/2012/texmf-dist/tex/latex/base/size10.clo
File: size10.clo 2007/10/19 v1.4h Standard LaTeX file (size option)
)
\c@part=\count79
\c@section=\count80
\c@subsection=\count81
\c@subsubsection=\count82
\c@paragraph=\count83
\c@subparagraph=\count84
\c@figure=\count85
\c@table=\count86
\abovecaptionskip=\skip41
\belowcaptionskip=\skip42
\bibindent=\dimen102
)
(/usr/local/texlive/2012/texmf-dist/tex/latex/base/inputenc.sty
Package: inputenc 2008/03/30 v1.1d Input encoding file
\inpenc@prehook=\toks14
\inpenc@posthook=\toks15

(/usr/local/texlive/2012/texmf-dist/tex/latex/base/applemac.def
File: applemac.def 2008/03/30 v1.1d Input encoding file
))
(/usr/local/texlive/2012/texmf-dist/tex/generic/babel/babel.sty
Package: babel 2008/07/08 v3.8m The Babel package

(/usr/local/texlive/2012/texmf-dist/tex/generic/babel/english.ldf
Language: english 2005/03/30 v3.3o English support from the babel system

(/usr/local/texlive/2012/texmf-dist/tex/generic/babel/babel.def
File: babel.def 2008/07/08 v3.8m Babel common definitions
\babel@savecnt=\count87
\U@D=\dimen103
)
\l@canadian = a dialect from \language\l@american 
\l@australian = a dialect from \language\l@british 
\l@newzealand = a dialect from \language\l@british 
))
(/usr/local/texlive/2012/texmf-dist/tex/latex/base/fontenc.sty
Package: fontenc 2005/09/27 v1.99g Standard LaTeX package

(/usr/local/texlive/2012/texmf-dist/tex/latex/base/t1enc.def
File: t1enc.def 2005/09/27 v1.99g Standard LaTeX file
LaTeX Font Info:    Redeclaring font encoding T1 on input line 43.
))
(/usr/local/texlive/2012/texmf-dist/tex/latex/cite/cite.sty
LaTeX Info: Redefining \cite on input line 302.
LaTeX Info: Redefining \nocite on input line 373.
Package: cite 2010/09/10  v 5.3
)
(/usr/local/texlive/2012/texmf-dist/tex/latex/url/url.sty
\Urlmuskip=\muskip10
Package: url 2006/04/12  ver 3.3  Verb mode for urls, etc.
)
(/usr/local/texlive/2012/texmf-dist/tex/latex/graphics/color.sty
Package: color 2005/11/14 v1.0j Standard LaTeX Color (DPC)

(/usr/local/texlive/2012/texmf-dist/tex/latex/latexconfig/color.cfg
File: color.cfg 2007/01/18 v1.5 color configuration of teTeX/TeXLive
)
Package color Info: Driver file: pdftex.def on input line 130.

(/usr/local/texlive/2012/texmf-dist/tex/latex/pdftex-def/pdftex.def
File: pdftex.def 2011/05/27 v0.06d Graphics/color for pdfTeX

(/usr/local/texlive/2012/texmf-dist/tex/generic/oberdiek/infwarerr.sty
Package: infwarerr 2010/04/08 v1.3 Providing info/warning/error messages (HO)
)
(/usr/local/texlive/2012/texmf-dist/tex/generic/oberdiek/ltxcmds.sty
Package: ltxcmds 2011/11/09 v1.22 LaTeX kernel commands for general use (HO)
)
\Gread@gobject=\count88
))
(/usr/local/texlive/2012/texmf-dist/tex/latex/graphics/graphics.sty
Package: graphics 2009/02/05 v1.0o Standard LaTeX Graphics (DPC,SPQR)

(/usr/local/texlive/2012/texmf-dist/tex/latex/graphics/trig.sty
Package: trig 1999/03/16 v1.09 sin cos tan (DPC)
)
(/usr/local/texlive/2012/texmf-dist/tex/latex/latexconfig/graphics.cfg
File: graphics.cfg 2010/04/23 v1.9 graphics configuration of TeX Live
)
Package graphics Info: Driver file: pdftex.def on input line 91.
)
(/usr/local/texlive/2012/texmf-dist/tex/latex/amsfonts/amsfonts.sty
Package: amsfonts 2009/06/22 v3.00 Basic AMSFonts support
\@emptytoks=\toks16
\symAMSa=\mathgroup4
\symAMSb=\mathgroup5
LaTeX Font Info:    Overwriting math alphabet `\mathfrak' in version `bold'
(Font)                  U/euf/m/n --> U/euf/b/n on input line 96.
)
(/usr/local/texlive/2012/texmf-dist/tex/latex/graphics/graphicx.sty
Package: graphicx 1999/02/16 v1.0f Enhanced LaTeX Graphics (DPC,SPQR)

(/usr/local/texlive/2012/texmf-dist/tex/latex/graphics/keyval.sty
Package: keyval 1999/03/16 v1.13 key=value parser (DPC)
\KV@toks@=\toks17
)
\Gin@req@height=\dimen104
\Gin@req@width=\dimen105
)
(/usr/local/texlive/2012/texmf-dist/tex/latex/amsmath/amsmath.sty
Package: amsmath 2000/07/18 v2.13 AMS math features
\@mathmargin=\skip43

For additional information on amsmath, use the `?' option.
(/usr/local/texlive/2012/texmf-dist/tex/latex/amsmath/amstext.sty
Package: amstext 2000/06/29 v2.01

(/usr/local/texlive/2012/texmf-dist/tex/latex/amsmath/amsgen.sty
File: amsgen.sty 1999/11/30 v2.0
\@emptytoks=\toks18
\ex@=\dimen106
))
(/usr/local/texlive/2012/texmf-dist/tex/latex/amsmath/amsbsy.sty
Package: amsbsy 1999/11/29 v1.2d
\pmbraise@=\dimen107
)
(/usr/local/texlive/2012/texmf-dist/tex/latex/amsmath/amsopn.sty
Package: amsopn 1999/12/14 v2.01 operator names
)
\inf@bad=\count89
LaTeX Info: Redefining \frac on input line 211.
\uproot@=\count90
\leftroot@=\count91
LaTeX Info: Redefining \overline on input line 307.
\classnum@=\count92
\DOTSCASE@=\count93
LaTeX Info: Redefining \ldots on input line 379.
LaTeX Info: Redefining \dots on input line 382.
LaTeX Info: Redefining \cdots on input line 467.
\Mathstrutbox@=\box26
\strutbox@=\box27
\big@size=\dimen108
LaTeX Font Info:    Redeclaring font encoding OML on input line 567.
LaTeX Font Info:    Redeclaring font encoding OMS on input line 568.
\macc@depth=\count94
\c@MaxMatrixCols=\count95
\dotsspace@=\muskip11
\c@parentequation=\count96
\dspbrk@lvl=\count97
\tag@help=\toks19
\row@=\count98
\column@=\count99
\maxfields@=\count100
\andhelp@=\toks20
\eqnshift@=\dimen109
\alignsep@=\dimen110
\tagshift@=\dimen111
\tagwidth@=\dimen112
\totwidth@=\dimen113
\lineht@=\dimen114
\@envbody=\toks21
\multlinegap=\skip44
\multlinetaggap=\skip45
\mathdisplay@stack=\toks22
LaTeX Info: Redefining \[ on input line 2666.
LaTeX Info: Redefining \] on input line 2667.
)
(/usr/local/texlive/2012/texmf-dist/tex/latex/enumitem/enumitem.sty
Package: enumitem 2011/09/28 v3.5.2 Customized lists
\labelindent=\skip46
\enit@outerparindent=\dimen115
\enit@toks=\toks23
\enit@inbox=\box28
\enitdp@description=\count101
)
(/usr/local/texlive/2012/texmf-dist/tex/latex/booktabs/booktabs.sty
Package: booktabs 2005/04/14 v1.61803 publication quality tables
\heavyrulewidth=\dimen116
\lightrulewidth=\dimen117
\cmidrulewidth=\dimen118
\belowrulesep=\dimen119
\belowbottomsep=\dimen120
\aboverulesep=\dimen121
\abovetopsep=\dimen122
\cmidrulesep=\dimen123
\cmidrulekern=\dimen124
\defaultaddspace=\dimen125
\@cmidla=\count102
\@cmidlb=\count103
\@aboverulesep=\dimen126
\@belowrulesep=\dimen127
\@thisruleclass=\count104
\@lastruleclass=\count105
\@thisrulewidth=\dimen128
)
(/usr/local/texlive/2012/texmf-dist/tex/latex/fancyvrb/fancyvrb.sty
Package: fancyvrb 2008/02/07

Style option: `fancyvrb' v2.7a, with DG/SPQR fixes, and firstline=lastline fix 
<2008/02/07> (tvz)
\FV@CodeLineNo=\count106
\FV@InFile=\read1
\FV@TabBox=\box29
\c@FancyVerbLine=\count107
\FV@StepNumber=\count108
\FV@OutFile=\write3
)
(/usr/local/texlive/2012/texmf-dist/tex/latex/listings/listings.sty
\lst@mode=\count109
\lst@gtempboxa=\box30
\lst@token=\toks24
\lst@length=\count110
\lst@currlwidth=\dimen129
\lst@column=\count111
\lst@pos=\count112
\lst@lostspace=\dimen130
\lst@width=\dimen131
\lst@newlines=\count113
\lst@lineno=\count114
\lst@maxwidth=\dimen132

(/usr/local/texlive/2012/texmf-dist/tex/latex/listings/lstmisc.sty
File: lstmisc.sty 2007/02/22 1.4 (Carsten Heinz)
\c@lstnumber=\count115
\lst@skipnumbers=\count116
\lst@framebox=\box31
)
(/usr/local/texlive/2012/texmf-dist/tex/latex/listings/listings.cfg
File: listings.cfg 2007/02/22 1.4 listings configuration
))
Package: listings 2007/02/22 1.4 (Carsten Heinz)

(/usr/local/texlive/2012/texmf-dist/tex/latex/listings/lstlang1.sty
File: lstlang1.sty 2004/09/05 1.3 listings language file
)
(/usr/local/texlive/2012/texmf-dist/tex/latex/algorithms/algorithm.sty
Package: algorithm 2009/08/24 v0.1 Document Style `algorithm' - floating enviro
nment

(/usr/local/texlive/2012/texmf-dist/tex/latex/float/float.sty
Package: float 2001/11/08 v1.3d Float enhancements (AL)
\c@float@type=\count117
\float@exts=\toks25
\float@box=\box32
\@float@everytoks=\toks26
\@floatcapt=\box33
)
(/usr/local/texlive/2012/texmf-dist/tex/latex/base/ifthen.sty
Package: ifthen 2001/05/26 v1.1c Standard LaTeX ifthen package (DPC)
)
\@float@every@algorithm=\toks27
\c@algorithm=\count118
)
(/usr/local/texlive/2012/texmf-dist/tex/latex/algorithmicx/algpseudocode.sty
Package: algpseudocode 

(/usr/local/texlive/2012/texmf-dist/tex/latex/algorithmicx/algorithmicx.sty
Package: algorithmicx 2005/04/27 v1.2 Algorithmicx

Document Style algorithmicx 1.2 - a greatly improved `algorithmic' style
\c@ALG@line=\count119
\c@ALG@rem=\count120
\c@ALG@nested=\count121
\ALG@tlm=\skip47
\ALG@thistlm=\skip48
\c@ALG@Lnr=\count122
\c@ALG@blocknr=\count123
\c@ALG@storecount=\count124
\c@ALG@tmpcounter=\count125
\ALG@tmplength=\skip49
)
Document Style - pseudocode environments for use with the `algorithmicx' style
) (/usr/local/texlive/2012/texmf-dist/tex/latex/tools/array.sty
Package: array 2008/09/09 v2.4c Tabular extension package (FMi)
\col@sep=\dimen133
\extrarowheight=\dimen134
\NC@list=\toks28
\extratabsurround=\skip50
\backup@length=\skip51
)
(/usr/local/texlive/2012/texmf-dist/tex/latex/mdwtools/mdwmath.sty
Package: mdwmath 1996/04/11 1.1 Nice mathematical things
\sq@sqrt=\count126
LaTeX Info: Redefining \sqrt on input line 84.
)
(/usr/local/texlive/2012/texmf-dist/tex/latex/mdwtools/mdwtab.sty
Package: mdwtab 1998/04/28 1.9 Table typesetting with style
\tab@state=\count127
\tab@columns=\count128
\tab@preamble=\toks29
\tab@shortline=\toks30
\extrarowheight=\dimen135
\tabextrasep=\dimen136
\arrayextrasep=\dimen137
\smarraycolsep=\dimen138
\smarrayextrasep=\dimen139
\tab@width=\dimen140
\col@sep=\dimen141
\tab@endheight=\dimen142
\tab@leftskip=\skip52
\tab@rightskip=\skip53
\fn@notes=\box34
\fn@width=\dimen143
)
(/usr/local/texlive/2012/texmf-dist/tex/latex/subfigure/subfigure.sty
Package: subfigure 2002/03/15 v2.1.5 subfigure package
\subfigtopskip=\skip54
\subfigcapskip=\skip55
\subfigcaptopadj=\dimen144
\subfigbottomskip=\skip56
\subfigcapmargin=\dimen145
\subfiglabelskip=\skip57
\c@subfigure=\count129
\c@lofdepth=\count130
\c@subtable=\count131
\c@lotdepth=\count132

****************************************
* Local config file subfigure.cfg used *
****************************************
(/usr/local/texlive/2012/texmf-dist/tex/latex/subfigure/subfigure.cfg)
\subfig@top=\skip58
\subfig@bottom=\skip59
)
(/usr/local/texlive/2012/texmf-dist/tex/latex/geometry/geometry.sty
Package: geometry 2010/09/12 v5.6 Page Geometry

(/usr/local/texlive/2012/texmf-dist/tex/generic/oberdiek/ifpdf.sty
Package: ifpdf 2011/01/30 v2.3 Provides the ifpdf switch (HO)
Package ifpdf Info: pdfTeX in PDF mode is detected.
)
(/usr/local/texlive/2012/texmf-dist/tex/generic/oberdiek/ifvtex.sty
Package: ifvtex 2010/03/01 v1.5 Detect VTeX and its facilities (HO)
Package ifvtex Info: VTeX not detected.
)
(/usr/local/texlive/2012/texmf-dist/tex/generic/ifxetex/ifxetex.sty
Package: ifxetex 2010/09/12 v0.6 Provides ifxetex conditional
)
\Gm@cnth=\count133
\Gm@cntv=\count134
\c@Gm@tempcnt=\count135
\Gm@bindingoffset=\dimen146
\Gm@wd@mp=\dimen147
\Gm@odd@mp=\dimen148
\Gm@even@mp=\dimen149
\Gm@layoutwidth=\dimen150
\Gm@layoutheight=\dimen151
\Gm@layouthoffset=\dimen152
\Gm@layoutvoffset=\dimen153
\Gm@dimlist=\toks31
)
(/usr/local/texlive/2012/texmf-dist/tex/latex/tools/indentfirst.sty
Package: indentfirst 1995/11/23 v1.03 Indent first paragraph (DPC)
)
(/usr/local/texlive/2012/texmf-dist/tex/latex/mh/mathtools.sty
Package: mathtools 2012/04/24 v1.12 mathematical typesetting tools

(/usr/local/texlive/2012/texmf-dist/tex/latex/tools/calc.sty
Package: calc 2007/08/22 v4.3 Infix arithmetic (KKT,FJ)
\calc@Acount=\count136
\calc@Bcount=\count137
\calc@Adimen=\dimen154
\calc@Bdimen=\dimen155
\calc@Askip=\skip60
\calc@Bskip=\skip61
LaTeX Info: Redefining \setlength on input line 76.
LaTeX Info: Redefining \addtolength on input line 77.
\calc@Ccount=\count138
\calc@Cskip=\skip62
)
(/usr/local/texlive/2012/texmf-dist/tex/latex/mh/mhsetup.sty
Package: mhsetup 2010/01/21 v1.2a programming setup (MH)
)
\g_MT_multlinerow_int=\count139
\l_MT_multwidth_dim=\dimen156
\origjot=\skip63
\l_MT_shortvdotswithinadjustabove_dim=\dimen157
\l_MT_shortvdotswithinadjustbelow_dim=\dimen158
\l_MT_above_intertext_dim=\dimen159
\l_MT_below_intertext_dim=\dimen160
\l_MT_above_shortintertext_dim=\dimen161
\l_MT_below_shortintertext_dim=\dimen162
)
(/usr/local/texlive/2012/texmf-dist/tex/latex/placeins/placeins.sty
Package: placeins 2005/04/18  v 2.2
)
(./report.aux)
\openout1 = `report.aux'.

LaTeX Font Info:    Checking defaults for OML/cmm/m/it on input line 88.
LaTeX Font Info:    ... okay on input line 88.
LaTeX Font Info:    Checking defaults for T1/cmr/m/n on input line 88.
LaTeX Font Info:    ... okay on input line 88.
LaTeX Font Info:    Checking defaults for OT1/cmr/m/n on input line 88.
LaTeX Font Info:    ... okay on input line 88.
LaTeX Font Info:    Checking defaults for OMS/cmsy/m/n on input line 88.
LaTeX Font Info:    ... okay on input line 88.
LaTeX Font Info:    Checking defaults for OMX/cmex/m/n on input line 88.
LaTeX Font Info:    ... okay on input line 88.
LaTeX Font Info:    Checking defaults for U/cmr/m/n on input line 88.
LaTeX Font Info:    ... okay on input line 88.

(/usr/local/texlive/2012/texmf-dist/tex/context/base/supp-pdf.mkii
[Loading MPS to PDF converter (version 2006.09.02).]
\scratchcounter=\count140
\scratchdimen=\dimen163
\scratchbox=\box35
\nofMPsegments=\count141
\nofMParguments=\count142
\everyMPshowfont=\toks32
\MPscratchCnt=\count143
\MPscratchDim=\dimen164
\MPnumerator=\count144
\makeMPintoPDFobject=\count145
\everyMPtoPDFconversion=\toks33
) (/usr/local/texlive/2012/texmf-dist/tex/generic/oberdiek/pdftexcmds.sty
Package: pdftexcmds 2011/11/29 v0.20 Utility functions of pdfTeX for LuaTeX (HO
)

(/usr/local/texlive/2012/texmf-dist/tex/generic/oberdiek/ifluatex.sty
Package: ifluatex 2010/03/01 v1.3 Provides the ifluatex switch (HO)
Package ifluatex Info: LuaTeX not detected.
)
Package pdftexcmds Info: LuaTeX not detected.
Package pdftexcmds Info: \pdf@primitive is available.
Package pdftexcmds Info: \pdf@ifprimitive is available.
Package pdftexcmds Info: \pdfdraftmode found.
)
(/usr/local/texlive/2012/texmf-dist/tex/latex/oberdiek/epstopdf-base.sty
Package: epstopdf-base 2010/02/09 v2.5 Base part for package epstopdf

(/usr/local/texlive/2012/texmf-dist/tex/latex/oberdiek/grfext.sty
Package: grfext 2010/08/19 v1.1 Manage graphics extensions (HO)

(/usr/local/texlive/2012/texmf-dist/tex/generic/oberdiek/kvdefinekeys.sty
Package: kvdefinekeys 2011/04/07 v1.3 Define keys (HO)
))
(/usr/local/texlive/2012/texmf-dist/tex/latex/oberdiek/kvoptions.sty
Package: kvoptions 2011/06/30 v3.11 Key value format for package options (HO)

(/usr/local/texlive/2012/texmf-dist/tex/generic/oberdiek/kvsetkeys.sty
Package: kvsetkeys 2012/04/25 v1.16 Key value parser (HO)

(/usr/local/texlive/2012/texmf-dist/tex/generic/oberdiek/etexcmds.sty
Package: etexcmds 2011/02/16 v1.5 Avoid name clashes with e-TeX commands (HO)
Package etexcmds Info: Could not find \expanded.
(etexcmds)             That can mean that you are not using pdfTeX 1.50 or
(etexcmds)             that some package has redefined \expanded.
(etexcmds)             In the latter case, load this package earlier.
)))
Package grfext Info: Graphics extension search list:
(grfext)             [.png,.pdf,.jpg,.mps,.jpeg,.jbig2,.jb2,.PNG,.PDF,.JPG,.JPE
G,.JBIG2,.JB2,.eps]
(grfext)             \AppendGraphicsExtensions on input line 452.

(/usr/local/texlive/2012/texmf-dist/tex/latex/latexconfig/epstopdf-sys.cfg
File: epstopdf-sys.cfg 2010/07/13 v1.3 Configuration of (r)epstopdf for TeX Liv
e
))
\c@lstlisting=\count146

*geometry* driver: auto-detecting
*geometry* detected driver: pdftex
*geometry* verbose mode - [ preamble ] result:
* driver: pdftex
* paper: <default>
* layout: <same size as paper>
* layoutoffset:(h,v)=(0.0pt,0.0pt)
* modes: 
* h-part:(L,W,R)=(45.52458pt, 523.24583pt, 45.52458pt)
* v-part:(T,H,B)=(56.9055pt, 681.15898pt, 56.9055pt)
* \paperwidth=614.295pt
* \paperheight=794.96999pt
* \textwidth=523.24583pt
* \textheight=681.15898pt
* \oddsidemargin=-26.7454pt
* \evensidemargin=-26.7454pt
* \topmargin=-52.36449pt
* \headheight=12.0pt
* \headsep=25.0pt
* \topskip=10.0pt
* \footskip=30.0pt
* \marginparwidth=65.0pt
* \marginparsep=11.0pt
* \columnsep=10.0pt
* \skip\footins=9.0pt plus 4.0pt minus 2.0pt
* \hoffset=0.0pt
* \voffset=0.0pt
* \mag=1000
* \@twocolumnfalse
* \@twosidefalse
* \@mparswitchfalse
* \@reversemarginfalse
* (1in=72.27pt=25.4mm, 1cm=28.453pt)

LaTeX Font Info:    Try loading font information for U+msa on input line 92.
(/usr/local/texlive/2012/texmf-dist/tex/latex/amsfonts/umsa.fd
File: umsa.fd 2009/06/22 v3.00 AMS symbols A
)
LaTeX Font Info:    Try loading font information for U+msb on input line 92.

(/usr/local/texlive/2012/texmf-dist/tex/latex/amsfonts/umsb.fd
File: umsb.fd 2009/06/22 v3.00 AMS symbols B
)
Package epstopdf Info: Source file: <images/queue_a_dl.eps>
(epstopdf)                    date: 2015-05-30 10:30:34
(epstopdf)                    size: 99528 bytes
(epstopdf)             Output file: <images/queue_a_dl-eps-converted-to.pdf>
(epstopdf)                    date: 2015-05-30 10:48:34
(epstopdf)                    size: 8525 bytes
(epstopdf)             Command: <repstopdf --outfile=images/queue_a_dl-eps-conv
erted-to.pdf images/queue_a_dl.eps>
(epstopdf)             \includegraphics on input line 121.
Package epstopdf Info: Output file is already uptodate.

<images/queue_a_dl-eps-converted-to.pdf, id=1, 561.09625pt x 420.57124pt>
File: images/queue_a_dl-eps-converted-to.pdf Graphic file (type pdf)

<use images/queue_a_dl-eps-converted-to.pdf>
Package pdftex.def Info: images/queue_a_dl-eps-converted-to.pdf used on input l
ine 121.
(pdftex.def)             Requested size: 313.95068pt x 235.31935pt.


LaTeX Warning: `!h' float specifier changed to `!ht'.

Package epstopdf Info: Source file: <images/queue_a25.eps>
(epstopdf)                    date: 2015-05-29 21:44:22
(epstopdf)                    size: 182947 bytes
(epstopdf)             Output file: <images/queue_a25-eps-converted-to.pdf>
(epstopdf)                    date: 2015-05-30 10:48:35
(epstopdf)                    size: 41541 bytes
(epstopdf)             Command: <repstopdf --outfile=images/queue_a25-eps-conve
rted-to.pdf images/queue_a25.eps>
(epstopdf)             \includegraphics on input line 128.
Package epstopdf Info: Output file is already uptodate.
<images/queue_a25-eps-converted-to.pdf, id=2, 562.1pt x 421.575pt>
File: images/queue_a25-eps-converted-to.pdf Graphic file (type pdf)

<use images/queue_a25-eps-converted-to.pdf>
Package pdftex.def Info: images/queue_a25-eps-converted-to.pdf used on input li
ne 128.
(pdftex.def)             Requested size: 235.45901pt x 176.5907pt.
Package epstopdf Info: Source file: <images/queue_a33.eps>
(epstopdf)                    date: 2015-05-29 21:45:05
(epstopdf)                    size: 177451 bytes
(epstopdf)             Output file: <images/queue_a33-eps-converted-to.pdf>
(epstopdf)                    date: 2015-05-30 10:48:36
(epstopdf)                    size: 43948 bytes
(epstopdf)             Command: <repstopdf --outfile=images/queue_a33-eps-conve
rted-to.pdf images/queue_a33.eps>
(epstopdf)             \includegraphics on input line 129.
Package epstopdf Info: Output file is already uptodate.

<images/queue_a33-eps-converted-to.pdf, id=3, 562.1pt x 421.575pt>
File: images/queue_a33-eps-converted-to.pdf Graphic file (type pdf)

<use images/queue_a33-eps-converted-to.pdf>
Package pdftex.def Info: images/queue_a33-eps-converted-to.pdf used on input li
ne 129.
(pdftex.def)             Requested size: 235.45901pt x 176.5907pt.
Package epstopdf Info: Source file: <images/queue_a50.eps>
(epstopdf)                    date: 2015-05-29 21:45:28
(epstopdf)                    size: 192586 bytes
(epstopdf)             Output file: <images/queue_a50-eps-converted-to.pdf>
(epstopdf)                    date: 2015-05-30 10:48:37
(epstopdf)                    size: 47731 bytes
(epstopdf)             Command: <repstopdf --outfile=images/queue_a50-eps-conve
rted-to.pdf images/queue_a50.eps>
(epstopdf)             \includegraphics on input line 130.
Package epstopdf Info: Output file is already uptodate.

<images/queue_a50-eps-converted-to.pdf, id=4, 562.1pt x 421.575pt>
File: images/queue_a50-eps-converted-to.pdf Graphic file (type pdf)

<use images/queue_a50-eps-converted-to.pdf>
Package pdftex.def Info: images/queue_a50-eps-converted-to.pdf used on input li
ne 130.
(pdftex.def)             Requested size: 235.45901pt x 176.5907pt.


LaTeX Warning: `!h' float specifier changed to `!ht'.

Package epstopdf Info: Source file: <images/queue_b_dl.eps>
(epstopdf)                    date: 2015-05-29 21:43:28
(epstopdf)                    size: 100373 bytes
(epstopdf)             Output file: <images/queue_b_dl-eps-converted-to.pdf>
(epstopdf)                    date: 2015-05-30 10:48:38
(epstopdf)                    size: 8574 bytes
(epstopdf)             Command: <repstopdf --outfile=images/queue_b_dl-eps-conv
erted-to.pdf images/queue_b_dl.eps>
(epstopdf)             \includegraphics on input line 143.
Package epstopdf Info: Output file is already uptodate.
<images/queue_b_dl-eps-converted-to.pdf, id=5, 470.75874pt x 338.26375pt>
File: images/queue_b_dl-eps-converted-to.pdf Graphic file (type pdf)

<use images/queue_b_dl-eps-converted-to.pdf>
Package pdftex.def Info: images/queue_b_dl-eps-converted-to.pdf used on input l
ine 143.
(pdftex.def)             Requested size: 313.95068pt x 225.5929pt.


LaTeX Warning: `!h' float specifier changed to `!ht'.

Package epstopdf Info: Source file: <images/queue_b66.eps>
(epstopdf)                    date: 2015-05-29 21:46:38
(epstopdf)                    size: 182697 bytes
(epstopdf)             Output file: <images/queue_b66-eps-converted-to.pdf>
(epstopdf)                    date: 2015-05-30 10:48:39
(epstopdf)                    size: 36795 bytes
(epstopdf)             Command: <repstopdf --outfile=images/queue_b66-eps-conve
rted-to.pdf images/queue_b66.eps>
(epstopdf)             \includegraphics on input line 150.
Package epstopdf Info: Output file is already uptodate.
<images/queue_b66-eps-converted-to.pdf, id=6, 562.1pt x 421.575pt>
File: images/queue_b66-eps-converted-to.pdf Graphic file (type pdf)

<use images/queue_b66-eps-converted-to.pdf>
Package pdftex.def Info: images/queue_b66-eps-converted-to.pdf used on input li
ne 150.
(pdftex.def)             Requested size: 235.45901pt x 176.5907pt.
Package epstopdf Info: Source file: <images/queue_b50.eps>
(epstopdf)                    date: 2015-05-29 21:46:21
(epstopdf)                    size: 183780 bytes
(epstopdf)             Output file: <images/queue_b50-eps-converted-to.pdf>
(epstopdf)                    date: 2015-05-30 10:48:40
(epstopdf)                    size: 38717 bytes
(epstopdf)             Command: <repstopdf --outfile=images/queue_b50-eps-conve
rted-to.pdf images/queue_b50.eps>
(epstopdf)             \includegraphics on input line 151.
Package epstopdf Info: Output file is already uptodate.

<images/queue_b50-eps-converted-to.pdf, id=7, 562.1pt x 421.575pt>
File: images/queue_b50-eps-converted-to.pdf Graphic file (type pdf)

<use images/queue_b50-eps-converted-to.pdf>
Package pdftex.def Info: images/queue_b50-eps-converted-to.pdf used on input li
ne 151.
(pdftex.def)             Requested size: 235.45901pt x 176.5907pt.
Package epstopdf Info: Source file: <images/queue_b33.eps>
(epstopdf)                    date: 2015-05-29 21:47:36
(epstopdf)                    size: 193294 bytes
(epstopdf)             Output file: <images/queue_b33-eps-converted-to.pdf>
(epstopdf)                    date: 2015-05-30 10:48:41
(epstopdf)                    size: 42298 bytes
(epstopdf)             Command: <repstopdf --outfile=images/queue_b33-eps-conve
rted-to.pdf images/queue_b33.eps>
(epstopdf)             \includegraphics on input line 152.
Package epstopdf Info: Output file is already uptodate.

<images/queue_b33-eps-converted-to.pdf, id=8, 562.1pt x 421.575pt>
File: images/queue_b33-eps-converted-to.pdf Graphic file (type pdf)

<use images/queue_b33-eps-converted-to.pdf>
Package pdftex.def Info: images/queue_b33-eps-converted-to.pdf used on input li
ne 152.
(pdftex.def)             Requested size: 235.45901pt x 176.5907pt.


LaTeX Warning: `!h' float specifier changed to `!ht'.

[1

{/usr/local/texlive/2012/texmf-var/fonts/map/pdftex/updmap/pdftex.map}]
Package epstopdf Info: Source file: <images/queue_a_of.eps>
(epstopdf)                    date: 2015-05-30 09:18:20
(epstopdf)                    size: 79501 bytes
(epstopdf)             Output file: <images/queue_a_of-eps-converted-to.pdf>
(epstopdf)                    date: 2015-05-30 10:57:11
(epstopdf)                    size: 9124 bytes
(epstopdf)             Command: <repstopdf --outfile=images/queue_a_of-eps-conv
erted-to.pdf images/queue_a_of.eps>
(epstopdf)             \includegraphics on input line 181.
Package epstopdf Info: Output file is already uptodate.

<images/queue_a_of-eps-converted-to.pdf, id=26, 562.1pt x 378.41376pt>
File: images/queue_a_of-eps-converted-to.pdf Graphic file (type pdf)

<use images/queue_a_of-eps-converted-to.pdf>
Package pdftex.def Info: images/queue_a_of-eps-converted-to.pdf used on input l
ine 181.
(pdftex.def)             Requested size: 366.27048pt x 246.57808pt.


LaTeX Warning: `!h' float specifier changed to `!ht'.

Package epstopdf Info: Source file: <images/queue_b_of.eps>
(epstopdf)                    date: 2015-05-30 09:19:03
(epstopdf)                    size: 78654 bytes
(epstopdf)             Output file: <images/queue_b_of-eps-converted-to.pdf>
(epstopdf)                    date: 2015-05-30 10:57:12
(epstopdf)                    size: 9103 bytes
(epstopdf)             Command: <repstopdf --outfile=images/queue_b_of-eps-conv
erted-to.pdf images/queue_b_of.eps>
(epstopdf)             \includegraphics on input line 188.
Package epstopdf Info: Output file is already uptodate.
<images/queue_b_of-eps-converted-to.pdf, id=27, 562.1pt x 421.575pt>
File: images/queue_b_of-eps-converted-to.pdf Graphic file (type pdf)

<use images/queue_b_of-eps-converted-to.pdf>
Package pdftex.def Info: images/queue_b_of-eps-converted-to.pdf used on input l
ine 188.
(pdftex.def)             Requested size: 366.27048pt x 274.70236pt.


LaTeX Warning: `!h' float specifier changed to `!ht'.

[2 <./images/queue_a_dl-eps-converted-to.pdf>] [3 <./images/queue_a25-eps-conve
rted-to.pdf> <./images/queue_a33-eps-converted-to.pdf> <./images/queue_a50-eps-
converted-to.pdf> <./images/queue_b_dl-eps-converted-to.pdf>] [4 <./images/queu
e_b66-eps-converted-to.pdf> <./images/queue_b50-eps-converted-to.pdf> <./images
/queue_b33-eps-converted-to.pdf>] [5 <./images/queue_a_of-eps-converted-to.pdf>
 <./images/queue_b_of-eps-converted-to.pdf>]
LaTeX Font Info:    Try loading font information for OMS+cmr on input line 199.


(/usr/local/texlive/2012/texmf-dist/tex/latex/base/omscmr.fd
File: omscmr.fd 1999/05/25 v2.5h Standard LaTeX font definitions
)
LaTeX Font Info:    Font shape `OMS/cmr/m/n' in size <10> not available
(Font)              Font shape `OMS/cmsy/m/n' tried instead on input line 199.
Package epstopdf Info: Source file: <images/aloha_monte.eps>
(epstopdf)                    date: 2015-05-30 09:37:35
(epstopdf)                    size: 31185 bytes
(epstopdf)             Output file: <images/aloha_monte-eps-converted-to.pdf>
(epstopdf)                    date: 2015-05-30 11:13:24
(epstopdf)                    size: 7744 bytes
(epstopdf)             Command: <repstopdf --outfile=images/aloha_monte-eps-con
verted-to.pdf images/aloha_monte.eps>
(epstopdf)             \includegraphics on input line 250.
Package epstopdf Info: Output file is already uptodate.

<images/aloha_monte-eps-converted-to.pdf, id=140, 562.1pt x 421.575pt>
File: images/aloha_monte-eps-converted-to.pdf Graphic file (type pdf)

<use images/aloha_monte-eps-converted-to.pdf>
Package pdftex.def Info: images/aloha_monte-eps-converted-to.pdf used on input 
line 250.
(pdftex.def)             Requested size: 313.95068pt x 235.46284pt.


LaTeX Warning: `!h' float specifier changed to `!ht'.

[6

]
Package epstopdf Info: Source file: <images/aloha_monte_S.eps>
(epstopdf)                    date: 2015-05-30 09:34:36
(epstopdf)                    size: 16896 bytes
(epstopdf)             Output file: <images/aloha_monte_S-eps-converted-to.pdf>

(epstopdf)                    date: 2015-05-30 11:13:25
(epstopdf)                    size: 6089 bytes
(epstopdf)             Command: <repstopdf --outfile=images/aloha_monte_S-eps-c
onverted-to.pdf images/aloha_monte_S.eps>
(epstopdf)             \includegraphics on input line 264.
Package epstopdf Info: Output file is already uptodate.
 <images/aloha_monte_S-eps-converted-to.pdf, id=145, 562.1pt x 421.575pt>
File: images/aloha_monte_S-eps-converted-to.pdf Graphic file (type pdf)

<use images/aloha_monte_S-eps-converted-to.pdf>
Package pdftex.def Info: images/aloha_monte_S-eps-converted-to.pdf used on inpu
t line 264.
(pdftex.def)             Requested size: 313.95068pt x 235.46284pt.
 [7 <./images/aloha_monte-eps-converted-to.pdf> <./images/aloha_monte_S-eps-con
verted-to.pdf>]
Package epstopdf Info: Source file: <images/aloha_GQR.eps>
(epstopdf)                    date: 2015-05-30 09:38:43
(epstopdf)                    size: 32867 bytes
(epstopdf)             Output file: <images/aloha_GQR-eps-converted-to.pdf>
(epstopdf)                    date: 2015-05-30 11:13:26
(epstopdf)                    size: 8518 bytes
(epstopdf)             Command: <repstopdf --outfile=images/aloha_GQR-eps-conve
rted-to.pdf images/aloha_GQR.eps>
(epstopdf)             \includegraphics on input line 298.
Package epstopdf Info: Output file is already uptodate.

<images/aloha_GQR-eps-converted-to.pdf, id=160, 562.1pt x 421.575pt>
File: images/aloha_GQR-eps-converted-to.pdf Graphic file (type pdf)

<use images/aloha_GQR-eps-converted-to.pdf>
Package pdftex.def Info: images/aloha_GQR-eps-converted-to.pdf used on input li
ne 298.
(pdftex.def)             Requested size: 313.95068pt x 235.46284pt.
Package epstopdf Info: Source file: <images/aloha_GQR_S.eps>
(epstopdf)                    date: 2015-05-30 09:42:33
(epstopdf)                    size: 19130 bytes
(epstopdf)             Output file: <images/aloha_GQR_S-eps-converted-to.pdf>
(epstopdf)                    date: 2015-05-30 11:13:27
(epstopdf)                    size: 6901 bytes
(epstopdf)             Command: <repstopdf --outfile=images/aloha_GQR_S-eps-con
verted-to.pdf images/aloha_GQR_S.eps>
(epstopdf)             \includegraphics on input line 305.
Package epstopdf Info: Output file is already uptodate.

<images/aloha_GQR_S-eps-converted-to.pdf, id=161, 562.1pt x 421.575pt>
File: images/aloha_GQR_S-eps-converted-to.pdf Graphic file (type pdf)

<use images/aloha_GQR_S-eps-converted-to.pdf>
Package pdftex.def Info: images/aloha_GQR_S-eps-converted-to.pdf used on input 
line 305.
(pdftex.def)             Requested size: 313.95068pt x 235.46284pt.


LaTeX Warning: `!h' float specifier changed to `!ht'.

[8 <./images/aloha_GQR-eps-converted-to.pdf>] [9 <./images/aloha_GQR_S-eps-conv
erted-to.pdf>]
Overfull \hbox (16.62822pt too wide) in alignment at lines 349--366
 [][][] []
 []

Package epstopdf Info: Source file: <images/GeRaF_1.eps>
(epstopdf)                    date: 2015-05-30 10:03:39
(epstopdf)                    size: 22273 bytes
(epstopdf)             Output file: <images/GeRaF_1-eps-converted-to.pdf>
(epstopdf)                    date: 2015-05-30 11:13:28
(epstopdf)                    size: 7328 bytes
(epstopdf)             Command: <repstopdf --outfile=images/GeRaF_1-eps-convert
ed-to.pdf images/GeRaF_1.eps>
(epstopdf)             \includegraphics on input line 388.
Package epstopdf Info: Output file is already uptodate.
<images/GeRaF_1-eps-converted-to.pdf, id=179, 562.1pt x 421.575pt>
File: images/GeRaF_1-eps-converted-to.pdf Graphic file (type pdf)

<use images/GeRaF_1-eps-converted-to.pdf>
Package pdftex.def Info: images/GeRaF_1-eps-converted-to.pdf used on input line
 388.
(pdftex.def)             Requested size: 235.45901pt x 176.5907pt.
Package epstopdf Info: Source file: <images/GeRaF_2.eps>
(epstopdf)                    date: 2015-05-30 10:03:53
(epstopdf)                    size: 22094 bytes
(epstopdf)             Output file: <images/GeRaF_2-eps-converted-to.pdf>
(epstopdf)                    date: 2015-05-30 11:13:55
(epstopdf)                    size: 7566 bytes
(epstopdf)             Command: <repstopdf --outfile=images/GeRaF_2-eps-convert
ed-to.pdf images/GeRaF_2.eps>
(epstopdf)             \includegraphics on input line 389.
Package epstopdf Info: Output file is already uptodate.

<images/GeRaF_2-eps-converted-to.pdf, id=180, 562.1pt x 421.575pt>
File: images/GeRaF_2-eps-converted-to.pdf Graphic file (type pdf)

<use images/GeRaF_2-eps-converted-to.pdf>
Package pdftex.def Info: images/GeRaF_2-eps-converted-to.pdf used on input line
 389.
(pdftex.def)             Requested size: 235.45901pt x 176.5907pt.
Package epstopdf Info: Source file: <images/GeRaF_3.eps>
(epstopdf)                    date: 2015-05-30 10:04:14
(epstopdf)                    size: 22089 bytes
(epstopdf)             Output file: <images/GeRaF_3-eps-converted-to.pdf>
(epstopdf)                    date: 2015-05-30 11:13:56
(epstopdf)                    size: 7687 bytes
(epstopdf)             Command: <repstopdf --outfile=images/GeRaF_3-eps-convert
ed-to.pdf images/GeRaF_3.eps>
(epstopdf)             \includegraphics on input line 390.
Package epstopdf Info: Output file is already uptodate.

<images/GeRaF_3-eps-converted-to.pdf, id=181, 562.1pt x 421.575pt>
File: images/GeRaF_3-eps-converted-to.pdf Graphic file (type pdf)

<use images/GeRaF_3-eps-converted-to.pdf>
Package pdftex.def Info: images/GeRaF_3-eps-converted-to.pdf used on input line
 390.
(pdftex.def)             Requested size: 235.45901pt x 176.5907pt.


LaTeX Warning: `!h' float specifier changed to `!ht'.

[10] [11 <./images/GeRaF_1-eps-converted-to.pdf> <./images/GeRaF_2-eps-converte
d-to.pdf> <./images/GeRaF_3-eps-converted-to.pdf>]
Package epstopdf Info: Source file: <images/GeRaF_8.eps>
(epstopdf)                    date: 2015-05-30 10:31:53
(epstopdf)                    size: 23920 bytes
(epstopdf)             Output file: <images/GeRaF_8-eps-converted-to.pdf>
(epstopdf)                    date: 2015-05-30 11:13:57
(epstopdf)                    size: 8733 bytes
(epstopdf)             Command: <repstopdf --outfile=images/GeRaF_8-eps-convert
ed-to.pdf images/GeRaF_8.eps>
(epstopdf)             \includegraphics on input line 442.
Package epstopdf Info: Output file is already uptodate.

<images/GeRaF_8-eps-converted-to.pdf, id=214, 562.1pt x 421.575pt>
File: images/GeRaF_8-eps-converted-to.pdf Graphic file (type pdf)

<use images/GeRaF_8-eps-converted-to.pdf>
Package pdftex.def Info: images/GeRaF_8-eps-converted-to.pdf used on input line
 442.
(pdftex.def)             Requested size: 235.45901pt x 176.5907pt.
Package epstopdf Info: Source file: <images/GeRaF_9.eps>
(epstopdf)                    date: 2015-05-30 10:31:34
(epstopdf)                    size: 23736 bytes
(epstopdf)             Output file: <images/GeRaF_9-eps-converted-to.pdf>
(epstopdf)                    date: 2015-05-30 11:13:58
(epstopdf)                    size: 8994 bytes
(epstopdf)             Command: <repstopdf --outfile=images/GeRaF_9-eps-convert
ed-to.pdf images/GeRaF_9.eps>
(epstopdf)             \includegraphics on input line 443.
Package epstopdf Info: Output file is already uptodate.

<images/GeRaF_9-eps-converted-to.pdf, id=215, 562.1pt x 421.575pt>
File: images/GeRaF_9-eps-converted-to.pdf Graphic file (type pdf)

<use images/GeRaF_9-eps-converted-to.pdf>
Package pdftex.def Info: images/GeRaF_9-eps-converted-to.pdf used on input line
 443.
(pdftex.def)             Requested size: 235.45901pt x 176.5907pt.
Package epstopdf Info: Source file: <images/GeRaF_10.eps>
(epstopdf)                    date: 2015-05-30 10:31:08
(epstopdf)                    size: 23737 bytes
(epstopdf)             Output file: <images/GeRaF_10-eps-converted-to.pdf>
(epstopdf)                    date: 2015-05-30 11:13:59
(epstopdf)                    size: 9122 bytes
(epstopdf)             Command: <repstopdf --outfile=images/GeRaF_10-eps-conver
ted-to.pdf images/GeRaF_10.eps>
(epstopdf)             \includegraphics on input line 444.
Package epstopdf Info: Output file is already uptodate.

<images/GeRaF_10-eps-converted-to.pdf, id=216, 562.1pt x 421.575pt>
File: images/GeRaF_10-eps-converted-to.pdf Graphic file (type pdf)

<use images/GeRaF_10-eps-converted-to.pdf>
Package pdftex.def Info: images/GeRaF_10-eps-converted-to.pdf used on input lin
e 444.
(pdftex.def)             Requested size: 235.45901pt x 176.5907pt.
Package epstopdf Info: Source file: <images/GeRaF_detail.eps>
(epstopdf)                    date: 2015-05-30 10:32:25
(epstopdf)                    size: 16316 bytes
(epstopdf)             Output file: <images/GeRaF_detail-eps-converted-to.pdf>
(epstopdf)                    date: 2015-05-30 11:14:00
(epstopdf)                    size: 7694 bytes
(epstopdf)             Command: <repstopdf --outfile=images/GeRaF_detail-eps-co
nverted-to.pdf images/GeRaF_detail.eps>
(epstopdf)             \includegraphics on input line 451.
Package epstopdf Info: Output file is already uptodate.

<images/GeRaF_detail-eps-converted-to.pdf, id=217, 562.1pt x 421.575pt>
File: images/GeRaF_detail-eps-converted-to.pdf Graphic file (type pdf)

<use images/GeRaF_detail-eps-converted-to.pdf>
Package pdftex.def Info: images/GeRaF_detail-eps-converted-to.pdf used on input
 line 451.
(pdftex.def)             Requested size: 209.29514pt x 156.97093pt.
 [12 <./images/GeRaF_8-eps-converted-to.pdf> <./images/GeRaF_9-eps-converted-to
.pdf> <./images/GeRaF_10-eps-converted-to.pdf>] [13 <./images/GeRaF_detail-eps-
converted-to.pdf>] (./report.aux) ) 
Here is how much of TeX's memory you used:
 7271 strings out of 493488
 104629 string characters out of 3141326
 193606 words of memory out of 3000000
 10387 multiletter control sequences out of 15000+200000
 16134 words of font info for 51 fonts, out of 3000000 for 9000
 957 hyphenation exceptions out of 8191
 38i,12n,40p,969b,282s stack positions out of 5000i,500n,10000p,400000b,50000s
{/usr/local/texlive/2012/texmf-dist/fonts/en
c/dvips/cm-super/cm-super-t1.enc}</usr/local/texlive/2012/texmf-dist/fonts/type
1/public/amsfonts/cm/cmbx10.pfb></usr/local/texlive/2012/texmf-dist/fonts/type1
/public/amsfonts/cm/cmex10.pfb></usr/local/texlive/2012/texmf-dist/fonts/type1/
public/amsfonts/cmextra/cmex7.pfb></usr/local/texlive/2012/texmf-dist/fonts/typ
e1/public/amsfonts/cm/cmmi10.pfb></usr/local/texlive/2012/texmf-dist/fonts/type
1/public/amsfonts/cm/cmmi5.pfb></usr/local/texlive/2012/texmf-dist/fonts/type1/
public/amsfonts/cm/cmmi7.pfb></usr/local/texlive/2012/texmf-dist/fonts/type1/pu
blic/amsfonts/cm/cmmi8.pfb></usr/local/texlive/2012/texmf-dist/fonts/type1/publ
ic/amsfonts/cm/cmr10.pfb></usr/local/texlive/2012/texmf-dist/fonts/type1/public
/amsfonts/cm/cmr5.pfb></usr/local/texlive/2012/texmf-dist/fonts/type1/public/am
sfonts/cm/cmr7.pfb></usr/local/texlive/2012/texmf-dist/fonts/type1/public/amsfo
nts/cm/cmr8.pfb></usr/local/texlive/2012/texmf-dist/fonts/type1/public/amsfonts
/cm/cmsy10.pfb></usr/local/texlive/2012/texmf-dist/fonts/type1/public/amsfonts/
cm/cmsy5.pfb></usr/local/texlive/2012/texmf-dist/fonts/type1/public/amsfonts/cm
/cmsy7.pfb></usr/local/texlive/2012/texmf-dist/fonts/type1/public/cm-super/sfbx
1440.pfb></usr/local/texlive/2012/texmf-dist/fonts/type1/public/cm-super/sfrm08
00.pfb></usr/local/texlive/2012/texmf-dist/fonts/type1/public/cm-super/sfrm1000
.pfb></usr/local/texlive/2012/texmf-dist/fonts/type1/public/cm-super/sfrm1200.p
fb></usr/local/texlive/2012/texmf-dist/fonts/type1/public/cm-super/sfrm1728.pfb
>
Output written on report.pdf (13 pages, 556790 bytes).
PDF statistics:
 319 PDF objects out of 1000 (max. 8388607)
 219 compressed objects within 3 object streams
 0 named destinations out of 1000 (max. 500000)
 106 words of extra memory for PDF output out of 10000 (max. 10000000)

